hbmk2: Processing environment options: -comp=mingw64
hbmk2: Auto-detected platform: win
hbmk2: Using Harbour: C:\hmg.3.6\harbour64\bin C:\hmg.3.6\harbour64\include
       C:\hmg.3.6\harbour64\lib\win\mingw64 C:\hmg.3.6\harbour64\bin
       C:\hmg.3.6\harbour64\contrib C:\hmg.3.6\harbour64\addons
hbmk2: Harbour compiler command (built-in):
(C:\hmg.3.6\harbour64\bin\harbour.exe) -n1 source\debugger\dbgHB.prg source\debugger\dbgGUI.prg source\BosTaurus\h_BosTaurus.prg source\class\HMG_TString.prg source\h_UNICODE.prg source\h_UNICODE_STRING.prg source\h_EventCB.prg source\h_GridEx.prg source\h_TimePicker.prg source\h_HMG_HPDF.prg source\h_HMG_HPDF_UNICODE.prg source\h_HMG_Zebra.prg source\h_GraphBitmap.prg source\ErrorSys.prg source\h_browse.prg source\h_button.prg source\h_checkbox.prg source\h_combo.prg source\h_controlmisc.prg source\h_datepicker.prg source\h_dialogs.prg source\h_editbox.prg source\h_error.prg source\h_font.prg source\h_frame.prg source\h_grid.prg source\h_help.prg source\h_hotkey.prg source\h_image.prg source\h_init.prg source\h_ipaddress.prg source\h_label.prg source\h_listbox.prg source\h_media.prg source\h_menu.prg source\h_monthcal.prg source\h_msgbox.prg source\h_progressbar.prg source\h_radio.prg source\h_richeditbox.prg source\h_rptgen.prg source\h_slider.prg source\h_spinner.prg source\h_status.prg source\h_tab.prg source\h_textbox.prg source\h_timer.prg source\h_tole.prg source\h_toolbar.prg source\h_tree.prg source\h_winapimisc.prg source\h_windows.prg -D__HBIDE__ -w2 -es2 -oC:\Users\Equipo\AppData\Local\Temp\hbmk_shy5zf.dir\ -iC:\hmg.3.6\harbour64\include -iinclude
Harbour 3.2.0dev (r2304211101)
Copyright (c) 1999-2023, https://harbour.github.io/
Compiling 'source\debugger\dbgHB.prg'...
10010020030040050010010020030040050060070080090010001100120013001400Lines 2336, Functions/Procedures 59
Generating C source output to 'C:\Users\Equipo\AppData\Local\Temp\hbmk_shy5zf.dir\dbgHB.c'... Done.
Compiling 'source\debugger\dbgGUI.prg'...
100200300100100200300400500600700800900100100200100100200300400500600700800900100011001200130014001500160017001800190020002100220023002400250026002700280029003000310032003300340035003600370038003900400041004200430010010020010010010010010010010010010020030040010010020030010020030040050010020010020010010020030040050060070080090010001100120013001400150016001700180019002000100200300100100200100100200100100200300400500600100200100200300100100200300400500600700800900100011001200130014001500Lines 18509, Functions/Procedures 43
Generating C source output to 'C:\Users\Equipo\AppData\Local\Temp\hbmk_shy5zf.dir\dbgGUI.c'... Done.
Compiling 'source\BosTaurus\h_BosTaurus.prg'...
100200300100100200300400500600700800900100100200100100200300400500600700800900100011001200130014001500160017001800190020002100220023002400250026002700280029003000310032003300340035003600370038003900400041004200430010010020010010010010010010010010010020030040010010020030010020030040050010020010020010010020030040050060070080090010001100120013001400150016001700180019002000100200300100100200100100200100100200300400500600100200100200300100100200300400500600700Lines 17561, Functions/Procedures 84
Generating C source output to 'C:\Users\Equipo\AppData\Local\Temp\hbmk_shy5zf.dir\h_BosTaurus.c'... Done.
Compiling 'source\class\HMG_TString.prg'...
100200300100100200300400500600700800900100100200100100200300400500600700800900100011001200130014001500160017001800190020002100220023002400250026002700280029003000310032003300340035003600370038003900400041004200430010010020010010010010010010010010010020030040010010020030010020030040050010020010020010010020030040050060070080090010001100120013001400150016001700180019002000100200300100100200100100200100100200300400500600100200100200300100100100200300400500Lines 17598, Functions/Procedures 2
Generating C source output to 'C:\Users\Equipo\AppData\Local\Temp\hbmk_shy5zf.dir\HMG_TString.c'... Done.
Compiling 'source\h_UNICODE.prg'...
100200300100100200300400500600700800900100100200100100200300400500600700800900100011001200130014001500160017001800190020002100220023002400250026002700280029003000310032003300340035003600370038003900400041004200430010010020010010010010010010010010010020030040010010020030010020030040050010020010020010010020030040050060070080090010001100120013001400150016001700180019002000100200300100100200100100200100100200300400500600100200100200300100Lines 16956, Functions/Procedures 2
Generating C source output to 'C:\Users\Equipo\AppData\Local\Temp\hbmk_shy5zf.dir\h_UNICODE.c'... Done.
Compiling 'source\h_UNICODE_STRING.prg'...
100200300100100200300400500600700800900100100200100100200300400500600700800900100011001200130014001500160017001800190020002100220023002400250026002700280029003000310032003300340035003600370038003900400041004200430010010020010010010010010010010010010020030040010010020030010020030040050010020010020010010020030040050060070080090010001100120013001400150016001700180019002000100200300100100200100100200100100200300400500600100200100200300100100200Lines 17015, Functions/Procedures 8
Generating C source output to 'C:\Users\Equipo\AppData\Local\Temp\hbmk_shy5zf.dir\h_UNICODE_STRING.c'... Done.
Compiling 'source\h_EventCB.prg'...
100200300400500600700800900Lines 994, Functions/Procedures 62
Generating C source output to 'C:\Users\Equipo\AppData\Local\Temp\hbmk_shy5zf.dir\h_EventCB.c'... Done.
Compiling 'source\h_GridEx.prg'...
100200300100100200300400500600700800900100100200100100200300400500600700800900100011001200130014001500160017001800190020002100220023002400250026002700280029003000310032003300340035003600370038003900400041004200430010010020010010010010010010010010010020030040010010020030010020030040050010020010020010010020030040050060070080090010001100120013001400150016001700180019002000100200300100100200100100200100100200300400500600100200100200300100100200300400500600700800900Lines 17718, Functions/Procedures 29
Generating C source output to 'C:\Users\Equipo\AppData\Local\Temp\hbmk_shy5zf.dir\h_GridEx.c'... Done.
Compiling 'source\h_TimePicker.prg'...
100200300100100200300400500600700800900100100200100100200300400500600700800900100011001200130014001500160017001800190020002100220023002400250026002700280029003000310032003300340035003600370038003900400041004200430010010020010010010010010010010010010020030040010010020030010020030040050010020010020010010020030040050060070080090010001100120013001400150016001700180019002000100200300100100200100100200100100200300400500600100200100200300100100200300Lines 17247, Functions/Procedures 9
Generating C source output to 'C:\Users\Equipo\AppData\Local\Temp\hbmk_shy5zf.dir\h_TimePicker.c'... Done.
Compiling 'source\h_HMG_HPDF.prg'...
100200300100100200300400500600700800900100100200100100200300400500600700800900100011001200130014001500160017001800190020002100220023002400250026002700280029003000310032003300340035003600370038003900400041004200430010010020010010010010010010010010010020030040010010020030010020030040050010020010020010010020030040050060070080090010001100120013001400150016001700180019002000100200300100100200100100200100100200300400500600100200100200300100100200300400500600700800900100200300400500600700800900100011001200130014001500160017001800190020002100Lines 19815, Functions/Procedures 49
Generating C source output to 'C:\Users\Equipo\AppData\Local\Temp\hbmk_shy5zf.dir\h_HMG_HPDF.c'... Done.
Compiling 'source\h_HMG_HPDF_UNICODE.prg'...
100200300100100200300400500600700800900100100200100100200300400500600700800900100011001200130014001500160017001800190020002100220023002400250026002700280029003000310032003300340035003600370038003900400041004200430010010020010010010010010010010010010020030040010010020030010020030040050010020010020010010020030040050060070080090010001100120013001400150016001700180019002000100200300100100200100100200100100200300400500600100200100200300100100200300400500600700800900100200Lines 17954, Functions/Procedures 2
Generating C source output to 'C:\Users\Equipo\AppData\Local\Temp\hbmk_shy5zf.dir\h_HMG_HPDF_UNICODE.c'... Done.
Compiling 'source\h_HMG_Zebra.prg'...
100200300100100200300400500600700800900100100200100100200300400500600700800900100011001200130014001500160017001800190020002100220023002400250026002700280029003000310032003300340035003600370038003900400041004200430010010020010010010010010010010010010020030040010010020030010020030040050010020010020010010020030040050060070080090010001100120013001400150016001700180019002000100200300100100200100100200100100200300400500600100200100200300100100Lines 16957, Functions/Procedures 5
Generating C source output to 'C:\Users\Equipo\AppData\Local\Temp\hbmk_shy5zf.dir\h_HMG_Zebra.c'... Done.
Compiling 'source\h_GraphBitmap.prg'...
100200300100100200300400500600700800900100100200100100200300400500600700800900100011001200130014001500160017001800190020002100220023002400250026002700280029003000310032003300340035003600370038003900400041004200430010010020010010010010010010010010010020030040010010020030010020030040050010020010020010010020030040050060070080090010001100120013001400150016001700180019002000100200300100100200100100200100100200300400500600100200100200300100100200300400500600700800900Lines 17721, Functions/Procedures 18
Generating C source output to 'C:\Users\Equipo\AppData\Local\Temp\hbmk_shy5zf.dir\h_GraphBitmap.c'... Done.
Compiling 'source\ErrorSys.prg'...
100200300100100200300400500600700800900100100200100100200300400500600700800900100011001200130014001500160017001800190020002100220023002400250026002700280029003000310032003300340035003600370038003900400041004200430010010020010010010010010010010010010020030040010010020030010020030040050010020010020010010020030040050060070080090010001100120013001400150016001700180019002000100200300100100200100100200100100200300400500600100200100200300100100100200Lines 17322, Functions/Procedures 9
Generating C source output to 'C:\Users\Equipo\AppData\Local\Temp\hbmk_shy5zf.dir\ErrorSys.c'... Done.
Compiling 'source\h_browse.prg'...
100200300100100200300400500600700800900100100200100100200300400500600700800900100011001200130014001500160017001800190020002100220023002400250026002700280029003000310032003300340035003600370038003900400041004200430010010020010010010010010010010010010020030040010010020030010020030040050010020010020010010020030040050060070080090010001100120013001400150016001700180019002000100200300100100200100100200100100200300400500600100200100200300100100200300400500600700800900100011001200130014001500160017001800190020002100220023002400Lines 19235, Functions/Procedures 32
Generating C source output to 'C:\Users\Equipo\AppData\Local\Temp\hbmk_shy5zf.dir\h_browse.c'... Done.
Compiling 'source\h_button.prg'...
100200300100100200300400500600700800900100100200100100200300400500600700800900100011001200130014001500160017001800190020002100220023002400250026002700280029003000310032003300340035003600370038003900400041004200430010010020010010010010010010010010010020030040010010020030010020030040050010020010020010010020030040050060070080090010001100120013001400150016001700180019002000100200300100100200100100200100100200300400500600100200100200300100100200300400Lines 17350, Functions/Procedures 3
Generating C source output to 'C:\Users\Equipo\AppData\Local\Temp\hbmk_shy5zf.dir\h_button.c'... Done.
Compiling 'source\h_checkbox.prg'...
100200300100100200300400500600700800900100100200100100200300400500600700800900100011001200130014001500160017001800190020002100220023002400250026002700280029003000310032003300340035003600370038003900400041004200430010010020010010010010010010010010010020030040010010020030010020030040050010020010020010010020030040050060070080090010001100120013001400150016001700180019002000100200300100100200100100200100100200300400500600100200100200300100100200300400Lines 17359, Functions/Procedures 5
Generating C source output to 'C:\Users\Equipo\AppData\Local\Temp\hbmk_shy5zf.dir\h_checkbox.c'... Done.
Compiling 'source\h_combo.prg'...
100200300100100200300400500600700800900100100200100100200300400500600700800900100011001200130014001500160017001800190020002100220023002400250026002700280029003000310032003300340035003600370038003900400041004200430010010020010010010010010010010010010020030040010010020030010020030040050010020010020010010020030040050060070080090010001100120013001400150016001700180019002000100200300100100200100100200100100200300400500600100200100200300100100200300400Lines 17353, Functions/Procedures 2
Generating C source output to 'C:\Users\Equipo\AppData\Local\Temp\hbmk_shy5zf.dir\h_combo.c'... Done.
Compiling 'source\h_controlmisc.prg'...
1001002003001001002003004005006007008009001001002001001002003004005006007008009001000110012001300140015001600170018001900200021002200230024002500260027002800290030003100320033003400350036003700380039004000410042004300100100200100100100100100100100100100200300400100100200300100200300400500100200100200100100200300400500600700800900100011001200130014001500160017001800190020001002003001001002001001002001001002003004005006001002001002003001001002003004005006007008009001000110012001300140015001600170018001900200021002200230024002500260027002800290030003100320033003400350036003700380039004000410042004300440045004600470048004900500051005200530054005500560057005800590060006100620063006400650066006700680069007000710072007300740075007600770078007900800081008200830084008500860087008800890090009100920093009400950096009700980099001000010100102001030010400105001060010700108001090011000Lines 28178, Functions/Procedures 161
Generating C source output to 'C:\Users\Equipo\AppData\Local\Temp\hbmk_shy5zf.dir\h_controlmisc.c'... Done.
Compiling 'source\h_datepicker.prg'...
100200300100100200300400500600700800900100100200100100200300400500600700800900100011001200130014001500160017001800190020002100220023002400250026002700280029003000310032003300340035003600370038003900400041004200430010010020010010010010010010010010010020030040010010020030010020030040050010020010020010010020030040050060070080090010001100120013001400150016001700180019002000100200300100100200100100200100100200300400500600100200100200300100100200Lines 17135, Functions/Procedures 4
Generating C source output to 'C:\Users\Equipo\AppData\Local\Temp\hbmk_shy5zf.dir\h_datepicker.c'... Done.
Compiling 'source\h_dialogs.prg'...
100200300100100200300400500600700800900100100200100100200300400500600700800900100011001200130014001500160017001800190020002100220023002400250026002700280029003000310032003300340035003600370038003900400041004200430010010020010010010010010010010010010020030040010010020030010020030040050010020010020010010020030040050060070080090010001100120013001400150016001700180019002000100200300100100200100100200100100200300400500600100200100200300100100200300Lines 17293, Functions/Procedures 8
Generating C source output to 'C:\Users\Equipo\AppData\Local\Temp\hbmk_shy5zf.dir\h_dialogs.c'... Done.
Compiling 'source\h_editbox.prg'...
100200300100100200300400500600700800900100100200100100200300400500600700800900100011001200130014001500160017001800190020002100220023002400250026002700280029003000310032003300340035003600370038003900400041004200430010010020010010010010010010010010010020030040010010020030010020030040050010020010020010010020030040050060070080090010001100120013001400150016001700180019002000100200300100100200100100200100100200300400500600100200100200300100100200Lines 17171, Functions/Procedures 3
Generating C source output to 'C:\Users\Equipo\AppData\Local\Temp\hbmk_shy5zf.dir\h_editbox.c'... Done.
Compiling 'source\h_error.prg'...
100200300100100200300400500600700800900100100200100100200300400500600700800900100011001200130014001500160017001800190020002100220023002400250026002700280029003000310032003300340035003600370038003900400041004200430010010020010010010010010010010010010020030040010010020030010020030040050010020010020010010020030040050060070080090010001100120013001400150016001700180019002000100200300100100200100100200100100200300400500600100200100200300100100Lines 16939, Functions/Procedures 6
Generating C source output to 'C:\Users\Equipo\AppData\Local\Temp\hbmk_shy5zf.dir\h_error.c'... Done.
Compiling 'source\h_font.prg'...
100200300100100200300400500600700800900100100200100100200300400500600700800900100011001200130014001500160017001800190020002100220023002400250026002700280029003000310032003300340035003600370038003900400041004200430010010020010010010010010010010010010020030040010010020030010020030040050010020010020010010020030040050060070080090010001100120013001400150016001700180019002000100200300100100200100100200100100200300400500600100200100200300100100200300400Lines 17169, Functions/Procedures 20
Generating C source output to 'C:\Users\Equipo\AppData\Local\Temp\hbmk_shy5zf.dir\h_font.c'... Done.
Compiling 'source\h_frame.prg'...
100200300100100200300400500600700800900100100200100100200300400500600700800900100011001200130014001500160017001800190020002100220023002400250026002700280029003000310032003300340035003600370038003900400041004200430010010020010010010010010010010010010020030040010010020030010020030040050010020010020010010020030040050060070080090010001100120013001400150016001700180019002000100200300100100200100100200100100200300400500600100200100200300100100Lines 16957, Functions/Procedures 2
Generating C source output to 'C:\Users\Equipo\AppData\Local\Temp\hbmk_shy5zf.dir\h_frame.c'... Done.
Compiling 'source\h_grid.prg'...
10020030010010020030040050060070080090010010020010010020030040050060070080090010001100120013001400150016001700180019002000210022002300240025002600270028002900300031003200330034003500360037003800390040004100420043001001002001001001001001001001001001002003004001001002003001002003004005001002001002001001002003004005006007008009001000110012001300140015001600170018001900200010020030010010020010010020010010020030040050060010020010020030010010020030040050060070080090010001100120013001400150016001700180019002000210022002300240025002600270028002900Lines 19869, Functions/Procedures 41
Generating C source output to 'C:\Users\Equipo\AppData\Local\Temp\hbmk_shy5zf.dir\h_grid.c'... Done.
Compiling 'source\h_help.prg'...
100200300100100200300400500600700800900100100200100100200300400500600700800900100011001200130014001500160017001800190020002100220023002400250026002700280029003000310032003300340035003600370038003900400041004200430010010020010010010010010010010010010020030040010010020030010020030040050010020010020010010020030040050060070080090010001100120013001400150016001700180019002000100200300100100200100100200100100200300400500600100200100200300100100100Lines 17043, Functions/Procedures 2
Generating C source output to 'C:\Users\Equipo\AppData\Local\Temp\hbmk_shy5zf.dir\h_help.c'... Done.
Compiling 'source\h_hotkey.prg'...
100200300100100200300400500600700800900100100200100100200300400500600700800900100011001200130014001500160017001800190020002100220023002400250026002700280029003000310032003300340035003600370038003900400041004200430010010020010010010010010010010010010020030040010010020030010020030040050010020010020010010020030040050060070080090010001100120013001400150016001700180019002000100200300100100200100100200100100200300400500600100200100200300100100200Lines 16972, Functions/Procedures 5
Generating C source output to 'C:\Users\Equipo\AppData\Local\Temp\hbmk_shy5zf.dir\h_hotkey.c'... Done.
Compiling 'source\h_image.prg'...
100200300100100200300400500600700800900100100200100100200300400500600700800900100011001200130014001500160017001800190020002100220023002400250026002700280029003000310032003300340035003600370038003900400041004200430010010020010010010010010010010010010020030040010010020030010020030040050010020010020010010020030040050060070080090010001100120013001400150016001700180019002000100200300100100200100100200100100200300400500600100200100200300100100200Lines 17132, Functions/Procedures 2
Generating C source output to 'C:\Users\Equipo\AppData\Local\Temp\hbmk_shy5zf.dir\h_image.c'... Done.
Compiling 'source\h_init.prg'...
100200300100100200300400500600700800900100100200100100200300400500600700800900100011001200130014001500160017001800190020002100220023002400250026002700280029003000310032003300340035003600370038003900400041004200430010010020010010010010010010010010010020030040010010020030010020030040050010020010020010010020030040050060070080090010001100120013001400150016001700180019002000100200300100100200100100200100100200300400500600100200100200300100100200300400500600700800900100011001200130014001500160017001800190020002100220023002400250026002700280029003000310032003300340035003600370038003900400041004200430044004500460047004800490050005100520053005400550056005700580059006000610062006300640065006600Lines 23454, Functions/Procedures 7
Generating C source output to 'C:\Users\Equipo\AppData\Local\Temp\hbmk_shy5zf.dir\h_init.c'... Done.
Compiling 'source\h_ipaddress.prg'...
100200300100100200300400500600700800900100100200100100200300400500600700800900100011001200130014001500160017001800190020002100220023002400250026002700280029003000310032003300340035003600370038003900400041004200430010010020010010010010010010010010010020030040010010020030010020030040050010020010020010010020030040050060070080090010001100120013001400150016001700180019002000100200300100100200100100200100100200300400500600100200100200300100100Lines 17083, Functions/Procedures 1
Generating C source output to 'C:\Users\Equipo\AppData\Local\Temp\hbmk_shy5zf.dir\h_ipaddress.c'... Done.
Compiling 'source\h_label.prg'...
100200300100100200300400500600700800900100100200100100200300400500600700800900100011001200130014001500160017001800190020002100220023002400250026002700280029003000310032003300340035003600370038003900400041004200430010010020010010010010010010010010010020030040010010020030010020030040050010020010020010010020030040050060070080090010001100120013001400150016001700180019002000100200300100100200100100200100100200300400500600100200100200300100100200Lines 17116, Functions/Procedures 1
Generating C source output to 'C:\Users\Equipo\AppData\Local\Temp\hbmk_shy5zf.dir\h_label.c'... Done.
Compiling 'source\h_listbox.prg'...
100200300100100200300400500600700800900100100200100100200300400500600700800900100011001200130014001500160017001800190020002100220023002400250026002700280029003000310032003300340035003600370038003900400041004200430010010020010010010010010010010010010020030040010010020030010020030040050010020010020010010020030040050060070080090010001100120013001400150016001700180019002000100200300100100200100100200100100200300400500600100200100200300100100200Lines 17141, Functions/Procedures 1
Generating C source output to 'C:\Users\Equipo\AppData\Local\Temp\hbmk_shy5zf.dir\h_listbox.c'... Done.
Compiling 'source\h_media.prg'...
100200300100100200300400500600700800900100100200100100200300400500600700800900100011001200130014001500160017001800190020002100220023002400250026002700280029003000310032003300340035003600370038003900400041004200430010010020010010010010010010010010010020030040010010020030010020030040050010020010020010010020030040050060070080090010001100120013001400150016001700180019002000100200300100100200100100200100100200300400500600100200100200300100100200300400Lines 17251, Functions/Procedures 31
Generating C source output to 'C:\Users\Equipo\AppData\Local\Temp\hbmk_shy5zf.dir\h_media.c'... Done.
Compiling 'source\h_menu.prg'...
100200300100100200300400500600700800900100100200100100200300400500600700800900100011001200130014001500160017001800190020002100220023002400250026002700280029003000310032003300340035003600370038003900400041004200430010010020010010010010010010010010010020030040010010020030010020030040050010020010020010010020030040050060070080090010001100120013001400150016001700180019002000100200300100100200100100200100100200300400500600100200100200300100100200300400500600700800900Lines 17713, Functions/Procedures 28
Generating C source output to 'C:\Users\Equipo\AppData\Local\Temp\hbmk_shy5zf.dir\h_menu.c'... Done.
Compiling 'source\h_monthcal.prg'...
100200300100100200300400500600700800900100100200100100200300400500600700800900100011001200130014001500160017001800190020002100220023002400250026002700280029003000310032003300340035003600370038003900400041004200430010010020010010010010010010010010010020030040010010020030010020030040050010020010020010010020030040050060070080090010001100120013001400150016001700180019002000100200300100100200100100200100100200300400500600100200100200300100100Lines 17099, Functions/Procedures 3
Generating C source output to 'C:\Users\Equipo\AppData\Local\Temp\hbmk_shy5zf.dir\h_monthcal.c'... Done.
Compiling 'source\h_msgbox.prg'...
100200300100100200300400500600700800900100100200100100200300400500600700800900100011001200130014001500160017001800190020002100220023002400250026002700280029003000310032003300340035003600370038003900400041004200430010010020010010010010010010010010010020030040010010020030010020030040050010020010020010010020030040050060070080090010001100120013001400150016001700180019002000100200300100100200100100200100100200300400500600100200100200300100100200Lines 17145, Functions/Procedures 13
Generating C source output to 'C:\Users\Equipo\AppData\Local\Temp\hbmk_shy5zf.dir\h_msgbox.c'... Done.
Compiling 'source\h_progressbar.prg'...
100200300100100200300400500600700800900100100200100100200300400500600700800900100011001200130014001500160017001800190020002100220023002400250026002700280029003000310032003300340035003600370038003900400041004200430010010020010010010010010010010010010020030040010010020030010020030040050010020010020010010020030040050060070080090010001100120013001400150016001700180019002000100200300100100200100100200100100200300400500600100200100200300100100Lines 17078, Functions/Procedures 1
Generating C source output to 'C:\Users\Equipo\AppData\Local\Temp\hbmk_shy5zf.dir\h_progressbar.c'... Done.
Compiling 'source\h_radio.prg'...
100200300100100200300400500600700800900100100200100100200300400500600700800900100011001200130014001500160017001800190020002100220023002400250026002700280029003000310032003300340035003600370038003900400041004200430010010020010010010010010010010010010020030040010010020030010020030040050010020010020010010020030040050060070080090010001100120013001400150016001700180019002000100200300100100200100100200100100200300400500600100200100200300100100200300Lines 17248, Functions/Procedures 3
Generating C source output to 'C:\Users\Equipo\AppData\Local\Temp\hbmk_shy5zf.dir\h_radio.c'... Done.
Compiling 'source\h_richeditbox.prg'...
100200300100100200300400500600700800900100100200100100200300400500600700800900100011001200130014001500160017001800190020002100220023002400250026002700280029003000310032003300340035003600370038003900400041004200430010010020010010010010010010010010010020030040010010020030010020030040050010020010020010010020030040050060070080090010001100120013001400150016001700180019002000100200300100100200100100200100100200300400500600100200100200300100100100200300400Lines 17535, Functions/Procedures 13
Generating C source output to 'C:\Users\Equipo\AppData\Local\Temp\hbmk_shy5zf.dir\h_richeditbox.c'... Done.
Compiling 'source\h_rptgen.prg'...
10020030010010020030040050060070080090010010020010010020030040050060070080090010001100120013001400150016001700180019002000210022002300240025002600270028002900300031003200330034003500360037003800390040004100420043001001002001001001001001001001001001002003004001001002003001002003004005001002001002001001002003004005006007008009001000110012001300140015001600170018001900200010020030010010020010010020010010020030040050060010020010020030010010010020030040050060070080090010001100120013001400Lines 18415, Functions/Procedures 37
Generating C source output to 'C:\Users\Equipo\AppData\Local\Temp\hbmk_shy5zf.dir\h_rptgen.c'... Done.
Compiling 'source\h_slider.prg'...
100200300100100200300400500600700800900100100200100100200300400500600700800900100011001200130014001500160017001800190020002100220023002400250026002700280029003000310032003300340035003600370038003900400041004200430010010020010010010010010010010010010020030040010010020030010020030040050010020010020010010020030040050060070080090010001100120013001400150016001700180019002000100200300100100200100100200100100200300400500600100200100200300100100Lines 17082, Functions/Procedures 1
Generating C source output to 'C:\Users\Equipo\AppData\Local\Temp\hbmk_shy5zf.dir\h_slider.c'... Done.
Compiling 'source\h_spinner.prg'...
100200300100100200300400500600700800900100100200100100200300400500600700800900100011001200130014001500160017001800190020002100220023002400250026002700280029003000310032003300340035003600370038003900400041004200430010010020010010010010010010010010010020030040010010020030010020030040050010020010020010010020030040050060070080090010001100120013001400150016001700180019002000100200300100100200100100200100100200300400500600100200100200300100100Lines 17099, Functions/Procedures 1
Generating C source output to 'C:\Users\Equipo\AppData\Local\Temp\hbmk_shy5zf.dir\h_spinner.c'... Done.
Compiling 'source\h_status.prg'...
100200300100100200300400500600700800900100100200100100200300400500600700800900100011001200130014001500160017001800190020002100220023002400250026002700280029003000310032003300340035003600370038003900400041004200430010010020010010010010010010010010010020030040010010020030010020030040050010020010020010010020030040050060070080090010001100120013001400150016001700180019002000100200300100100200100100200100100200300400500600100200100200300100100200300Lines 17234, Functions/Procedures 6
Generating C source output to 'C:\Users\Equipo\AppData\Local\Temp\hbmk_shy5zf.dir\h_status.c'... Done.
Compiling 'source\h_tab.prg'...
100200300100100200300400500600700800900100100200100100200300400500600700800900100011001200130014001500160017001800190020002100220023002400250026002700280029003000310032003300340035003600370038003900400041004200430010010020010010010010010010010010010020030040010010020030010020030040050010020010020010010020030040050060070080090010001100120013001400150016001700180019002000100200300100100200100100200100100200300400500600100200100200300100100200300400500600Lines 17382, Functions/Procedures 9
Generating C source output to 'C:\Users\Equipo\AppData\Local\Temp\hbmk_shy5zf.dir\h_tab.c'... Done.
Compiling 'source\h_textbox.prg'...
10020030010010020030040050060070080090010010020010010020030040050060070080090010001100120013001400150016001700180019002000210022002300240025002600270028002900300031003200330034003500360037003800390040004100420043001001002001001001001001001001001001002003004001001002003001002003004005001002001002001001002003004005006007008009001000110012001300140015001600170018001900200010020030010010020010010020010010020030040050060010020010020030010010020030040050060070080090010001100Lines 18053, Functions/Procedures 11
Generating C source output to 'C:\Users\Equipo\AppData\Local\Temp\hbmk_shy5zf.dir\h_textbox.c'... Done.
Compiling 'source\h_timer.prg'...
100200300100100200300400500600700800900100100200100100200300400500600700800900100011001200130014001500160017001800190020002100220023002400250026002700280029003000310032003300340035003600370038003900400041004200430010010020010010010010010010010010010020030040010010020030010020030040050010020010020010010020030040050060070080090010001100120013001400150016001700180019002000100200300100100200100100200100100200300400500600100200100200300100100Lines 16897, Functions/Procedures 1
Generating C source output to 'C:\Users\Equipo\AppData\Local\Temp\hbmk_shy5zf.dir\h_timer.c'... Done.
Compiling 'source\h_tole.prg'...
100200300100100200300400500600700800900100100200100100200300400500600700800900100011001200130014001500160017001800190020002100220023002400250026002700280029003000310032003300340035003600370038003900400041004200430010010020010010010010010010010010010020030040010010020030010020030040050010020010020010010020030040050060070080090010001100120013001400150016001700180019002000100200300100100200100100200100100200300400500600100200100200300100100100200300400500100100200Lines 18041, Functions/Procedures 18
Generating C source output to 'C:\Users\Equipo\AppData\Local\Temp\hbmk_shy5zf.dir\h_tole.c'... Done.
Compiling 'source\h_toolbar.prg'...
100200300100100200300400500600700800900100100200100100200300400500600700800900100011001200130014001500160017001800190020002100220023002400250026002700280029003000310032003300340035003600370038003900400041004200430010010020010010010010010010010010010020030040010010020030010020030040050010020010020010010020030040050060070080090010001100120013001400150016001700180019002000100200300100100200100100200100100200300400500600100200100200300100100200300400Lines 17342, Functions/Procedures 5
Generating C source output to 'C:\Users\Equipo\AppData\Local\Temp\hbmk_shy5zf.dir\h_toolbar.c'... Done.
Compiling 'source\h_tree.prg'...
100200300100100200300400500600700800900100100200100100200300400500600700800900100011001200130014001500160017001800190020002100220023002400250026002700280029003000310032003300340035003600370038003900400041004200430010010020010010010010010010010010010020030040010010020030010020030040050010020010020010010020030040050060070080090010001100120013001400150016001700180019002000100200300100100200100100200100100200300400500600100200100200300100100200300400500600700800Lines 17764, Functions/Procedures 42
Generating C source output to 'C:\Users\Equipo\AppData\Local\Temp\hbmk_shy5zf.dir\h_tree.c'... Done.
Compiling 'source\h_winapimisc.prg'...
100200300100100200300400500600700800900100100200100100200300400500600700800900100011001200130014001500160017001800190020002100220023002400250026002700280029003000310032003300340035003600370038003900400041004200430010010020010010010010010010010010010020030040010010020030010020030040050010020010020010010020030040050060070080090010001100120013001400150016001700180019002000100200300100100200100100200100100200300400500600100200100200300100100200300Lines 17233, Functions/Procedures 15
Generating C source output to 'C:\Users\Equipo\AppData\Local\Temp\hbmk_shy5zf.dir\h_winapimisc.c'... Done.
Compiling 'source\h_windows.prg'...
1002003001001002003004005006007008009001001002001001002003004005006007008009001000110012001300140015001600170018001900200021002200230024002500260027002800290030003100320033003400350036003700380039004000410042004300100100200100100100100100100100100100200300400100100200300100200300400500100200100200100100200300400500600700800900100011001200130014001500160017001800190020001002003001001002001001002001001002003004005006001002001002003001001001002003004005006007008009001000110012001300140015001600170018001900200021002200230024002500260027002800290030003100320033003400350036003700380039004000410042004300440045004600470048004900500051005200530054005500560057005800590060006100620063006400650066006700Lines 23916, Functions/Procedures 70
Generating C source output to 'C:\Users\Equipo\AppData\Local\Temp\hbmk_shy5zf.dir\h_windows.c'... Done.
hbmk2: 'cd' to: C:\Users\Equipo\AppData\Local\Temp\hbmk_shy5zf.dir
hbmk2: C/C++ compiler command:
gcc.exe -c -O3  -W -Wall -pipe -IC:/hmg.3.6/harbour64/include -I../../../../../../hmg.3.6/include C:/Users/Equipo/AppData/Local/Temp/hbmk_shy5zf.dir/dbgHB.c C:/Users/Equipo/AppData/Local/Temp/hbmk_shy5zf.dir/dbgGUI.c C:/Users/Equipo/AppData/Local/Temp/hbmk_shy5zf.dir/h_BosTaurus.c C:/Users/Equipo/AppData/Local/Temp/hbmk_shy5zf.dir/HMG_TString.c C:/Users/Equipo/AppData/Local/Temp/hbmk_shy5zf.dir/h_UNICODE.c C:/Users/Equipo/AppData/Local/Temp/hbmk_shy5zf.dir/h_UNICODE_STRING.c C:/Users/Equipo/AppData/Local/Temp/hbmk_shy5zf.dir/h_EventCB.c C:/Users/Equipo/AppData/Local/Temp/hbmk_shy5zf.dir/h_GridEx.c C:/Users/Equipo/AppData/Local/Temp/hbmk_shy5zf.dir/h_TimePicker.c C:/Users/Equipo/AppData/Local/Temp/hbmk_shy5zf.dir/h_HMG_HPDF.c C:/Users/Equipo/AppData/Local/Temp/hbmk_shy5zf.dir/h_HMG_HPDF_UNICODE.c C:/Users/Equipo/AppData/Local/Temp/hbmk_shy5zf.dir/h_HMG_Zebra.c C:/Users/Equipo/AppData/Local/Temp/hbmk_shy5zf.dir/h_GraphBitmap.c C:/Users/Equipo/AppData/Local/Temp/hbmk_shy5zf.dir/ErrorSys.c C:/Users/Equipo/AppData/Local/Temp/hbmk_shy5zf.dir/h_browse.c C:/Users/Equipo/AppData/Local/Temp/hbmk_shy5zf.dir/h_button.c C:/Users/Equipo/AppData/Local/Temp/hbmk_shy5zf.dir/h_checkbox.c C:/Users/Equipo/AppData/Local/Temp/hbmk_shy5zf.dir/h_combo.c C:/Users/Equipo/AppData/Local/Temp/hbmk_shy5zf.dir/h_controlmisc.c C:/Users/Equipo/AppData/Local/Temp/hbmk_shy5zf.dir/h_datepicker.c C:/Users/Equipo/AppData/Local/Temp/hbmk_shy5zf.dir/h_dialogs.c C:/Users/Equipo/AppData/Local/Temp/hbmk_shy5zf.dir/h_editbox.c C:/Users/Equipo/AppData/Local/Temp/hbmk_shy5zf.dir/h_error.c C:/Users/Equipo/AppData/Local/Temp/hbmk_shy5zf.dir/h_font.c C:/Users/Equipo/AppData/Local/Temp/hbmk_shy5zf.dir/h_frame.c C:/Users/Equipo/AppData/Local/Temp/hbmk_shy5zf.dir/h_grid.c C:/Users/Equipo/AppData/Local/Temp/hbmk_shy5zf.dir/h_help.c C:/Users/Equipo/AppData/Local/Temp/hbmk_shy5zf.dir/h_hotkey.c C:/Users/Equipo/AppData/Local/Temp/hbmk_shy5zf.dir/h_image.c C:/Users/Equipo/AppData/Local/Temp/hbmk_shy5zf.dir/h_init.c C:/Users/Equipo/AppData/Local/Temp/hbmk_shy5zf.dir/h_ipaddress.c C:/Users/Equipo/AppData/Local/Temp/hbmk_shy5zf.dir/h_label.c C:/Users/Equipo/AppData/Local/Temp/hbmk_shy5zf.dir/h_listbox.c C:/Users/Equipo/AppData/Local/Temp/hbmk_shy5zf.dir/h_media.c C:/Users/Equipo/AppData/Local/Temp/hbmk_shy5zf.dir/h_menu.c C:/Users/Equipo/AppData/Local/Temp/hbmk_shy5zf.dir/h_monthcal.c C:/Users/Equipo/AppData/Local/Temp/hbmk_shy5zf.dir/h_msgbox.c C:/Users/Equipo/AppData/Local/Temp/hbmk_shy5zf.dir/h_progressbar.c C:/Users/Equipo/AppData/Local/Temp/hbmk_shy5zf.dir/h_radio.c C:/Users/Equipo/AppData/Local/Temp/hbmk_shy5zf.dir/h_richeditbox.c C:/Users/Equipo/AppData/Local/Temp/hbmk_shy5zf.dir/h_rptgen.c C:/Users/Equipo/AppData/Local/Temp/hbmk_shy5zf.dir/h_slider.c C:/Users/Equipo/AppData/Local/Temp/hbmk_shy5zf.dir/h_spinner.c C:/Users/Equipo/AppData/Local/Temp/hbmk_shy5zf.dir/h_status.c C:/Users/Equipo/AppData/Local/Temp/hbmk_shy5zf.dir/h_tab.c C:/Users/Equipo/AppData/Local/Temp/hbmk_shy5zf.dir/h_textbox.c C:/Users/Equipo/AppData/Local/Temp/hbmk_shy5zf.dir/h_timer.c C:/Users/Equipo/AppData/Local/Temp/hbmk_shy5zf.dir/h_tole.c C:/Users/Equipo/AppData/Local/Temp/hbmk_shy5zf.dir/h_toolbar.c C:/Users/Equipo/AppData/Local/Temp/hbmk_shy5zf.dir/h_tree.c C:/Users/Equipo/AppData/Local/Temp/hbmk_shy5zf.dir/h_winapimisc.c C:/Users/Equipo/AppData/Local/Temp/hbmk_shy5zf.dir/h_windows.c ../../../../../../hmg.3.6/source/BosTaurus/c_BosTaurus.c ../../../../../../hmg.3.6/source/c_InitCom.c ../../../../../../hmg.3.6/source/c_UNICODE.c ../../../../../../hmg.3.6/source/c_UNICODE_STRING.c ../../../../../../hmg.3.6/source/c_EventCB.c ../../../../../../hmg.3.6/source/c_GridEx.c ../../../../../../hmg.3.6/source/c_TimePicker.c ../../../../../../hmg.3.6/source/c_Thread.c ../../../../../../hmg.3.6/source/c_browse.c ../../../../../../hmg.3.6/source/c_button.c ../../../../../../hmg.3.6/source/c_checkbox.c ../../../../../../hmg.3.6/source/c_combo.c ../../../../../../hmg.3.6/source/c_controlmisc.c ../../../../../../hmg.3.6/source/c_datepicker.c ../../../../../../hmg.3.6/source/c_dialogs.c ../../../../../../hmg.3.6/source/c_editbox.c ../../../../../../hmg.3.6/source/c_font.c ../../../../../../hmg.3.6/source/c_frame.c ../../../../../../hmg.3.6/source/c_grid.c ../../../../../../hmg.3.6/source/c_help.c ../../../../../../hmg.3.6/source/c_hotkey.c ../../../../../../hmg.3.6/source/c_image.c ../../../../../../hmg.3.6/source/c_ipaddress.c ../../../../../../hmg.3.6/source/c_label.c ../../../../../../hmg.3.6/source/c_listbox.c ../../../../../../hmg.3.6/source/c_media.c ../../../../../../hmg.3.6/source/c_menu.c ../../../../../../hmg.3.6/source/c_monthcal.c ../../../../../../hmg.3.6/source/c_msgbox.c ../../../../../../hmg.3.6/source/c_progressbar.c ../../../../../../hmg.3.6/source/c_radio.c ../../../../../../hmg.3.6/source/c_resource.c ../../../../../../hmg.3.6/source/c_richeditbox.c ../../../../../../hmg.3.6/source/c_slider.c ../../../../../../hmg.3.6/source/c_spinner.c ../../../../../../hmg.3.6/source/c_status.c ../../../../../../hmg.3.6/source/c_tab.c ../../../../../../hmg.3.6/source/c_textbox.c ../../../../../../hmg.3.6/source/c_timer.c ../../../../../../hmg.3.6/source/c_tole.c ../../../../../../hmg.3.6/source/c_toolbar.c ../../../../../../hmg.3.6/source/c_tree.c ../../../../../../hmg.3.6/source/c_winapimisc.c ../../../../../../hmg.3.6/source/c_windows.c
C:/hmg.3.6/SOURCE/BosTaurus/c_BosTaurus.c: In function 'bt_Load_GDIplus':
C:/hmg.3.6/SOURCE/BosTaurus/c_BosTaurus.c:500:34: warning: cast between incompatible function types from 'FARPROC' {aka 'long long int (*)()'} to 'GpStatus (*)(ULONG_PTR *, const GdiplusStartupInput *, GdiplusStartupOutput *)' {aka 'GpStatus (*)(long long unsigned int *, const GdiplusStartupInput *, GdiplusStartupOutput *)'} [-Wcast-function-type]
  500 |    GdiPlusStartup              = (Func_GdiPlusStartup)              GetProcAddress (GdiPlusHandle, "GdiplusStartup");
      |                                  ^
C:/hmg.3.6/SOURCE/BosTaurus/c_BosTaurus.c:501:34: warning: cast between incompatible function types from 'FARPROC' {aka 'long long int (*)()'} to 'void (*)(ULONG_PTR)' {aka 'void (*)(long long unsigned int)'} [-Wcast-function-type]
  501 |    GdiPlusShutdown             = (Func_GdiPlusShutdown)             GetProcAddress (GdiPlusHandle, "GdiplusShutdown");
      |                                  ^
C:/hmg.3.6/SOURCE/BosTaurus/c_BosTaurus.c:502:34: warning: cast between incompatible function types from 'FARPROC' {aka 'long long int (*)()'} to 'GpStatus (*)(IStream *, GpBitmap **)' {aka 'GpStatus (*)(IStream *, void **)'} [-Wcast-function-type]
  502 |    GdipCreateBitmapFromStream  = (Func_GdipCreateBitmapFromStream)  GetProcAddress (GdiPlusHandle, "GdipCreateBitmapFromStream");
      |                                  ^
C:/hmg.3.6/SOURCE/BosTaurus/c_BosTaurus.c:503:34: warning: cast between incompatible function types from 'FARPROC' {aka 'long long int (*)()'} to 'GpStatus (*)(GpBitmap *, struct HBITMAP__ **, ARGB)' {aka 'GpStatus (*)(void *, struct HBITMAP__ **, long unsigned int)'} [-Wcast-function-type]
  503 |    GdipCreateHBITMAPFromBitmap = (Func_GdipCreateHBITMAPFromBitmap) GetProcAddress (GdiPlusHandle, "GdipCreateHBITMAPFromBitmap");
      |                                  ^
C:/hmg.3.6/SOURCE/BosTaurus/c_BosTaurus.c:505:34: warning: cast between incompatible function types from 'FARPROC' {aka 'long long int (*)()'} to 'GpStatus (*)(UINT *, UINT *)' {aka 'GpStatus (*)(unsigned int *, unsigned int *)'} [-Wcast-function-type]
  505 |    GdipGetImageEncodersSize    = (Func_GdipGetImageEncodersSize)    GetProcAddress (GdiPlusHandle, "GdipGetImageEncodersSize");
      |                                  ^
C:/hmg.3.6/SOURCE/BosTaurus/c_BosTaurus.c:506:34: warning: cast between incompatible function types from 'FARPROC' {aka 'long long int (*)()'} to 'GpStatus (*)(UINT,  UINT,  ImageCodecInfo *)' {aka 'GpStatus (*)(unsigned int,  unsigned int,  ImageCodecInfo *)'} [-Wcast-function-type]
  506 |    GdipGetImageEncoders        = (Func_GdipGetImageEncoders)        GetProcAddress (GdiPlusHandle, "GdipGetImageEncoders");
      |                                  ^
C:/hmg.3.6/SOURCE/BosTaurus/c_BosTaurus.c:507:34: warning: cast between incompatible function types from 'FARPROC' {aka 'long long int (*)()'} to 'GpStatus (*)(IStream *, GpImage **)' {aka 'GpStatus (*)(IStream *, void **)'} [-Wcast-function-type]
  507 |    GdipLoadImageFromStream     = (Func_GdipLoadImageFromStream)     GetProcAddress (GdiPlusHandle, "GdipLoadImageFromStream");
      |                                  ^
C:/hmg.3.6/SOURCE/BosTaurus/c_BosTaurus.c:508:34: warning: cast between incompatible function types from 'FARPROC' {aka 'long long int (*)()'} to 'GpStatus (*)(GpImage *, const WCHAR *, const CLSID *, const EncoderParameters *)' {aka 'GpStatus (*)(void *, const short unsigned int *, const GUID *, const EncoderParameters *)'} [-Wcast-function-type]
  508 |    GdipSaveImageToFile         = (Func_GdipSaveImageToFile)         GetProcAddress (GdiPlusHandle, "GdipSaveImageToFile");
      |                                  ^
In file included from C:/hmg.3.6/SOURCE/BosTaurus/c_BosTaurus.c:54:
C:/hmg.3.6/SOURCE/BosTaurus/c_BosTaurus.c: In function 'win_Shell_GetImageLists':
C:/hmg.3.6/INCLUDE/HMG_UNICODE.h:234:15: warning: cast between incompatible function types from 'FARPROC' {aka 'long long int (*)()'} to 'BOOL (*)(struct _IMAGELIST **, struct _IMAGELIST **)' {aka 'int (*)(struct _IMAGELIST **, struct _IMAGELIST **)'} [-Wcast-function-type]
  234 |       pfunc = (PFUNC) GetProcAddress (hLib, _DLL_FUNC_NAMESTRINGAW);\
      |               ^
C:/hmg.3.6/SOURCE/BosTaurus/c_BosTaurus.c:3823:1: note: in expansion of macro 'HMG_DEFINE_DLL_FUNC'
 3823 | HMG_DEFINE_DLL_FUNC ( win_Shell_GetImageLists,                            // user function name
      | ^~~~~~~~~~~~~~~~~~~
C:/hmg.3.6/SOURCE/BosTaurus/c_BosTaurus.c: In function 'win_StrRetToBuf':
C:/hmg.3.6/INCLUDE/HMG_UNICODE.h:234:15: warning: cast between incompatible function types from 'FARPROC' {aka 'long long int (*)()'} to 'HRESULT (*)(STRRET *, const ITEMIDLIST *, WCHAR *, UINT)' {aka 'long int (*)(STRRET *, const ITEMIDLIST *, short unsigned int *, unsigned int)'} [-Wcast-function-type]
  234 |       pfunc = (PFUNC) GetProcAddress (hLib, _DLL_FUNC_NAMESTRINGAW);\
      |               ^
C:/hmg.3.6/SOURCE/BosTaurus/c_BosTaurus.c:3859:1: note: in expansion of macro 'HMG_DEFINE_DLL_FUNC'
 3859 | HMG_DEFINE_DLL_FUNC ( win_StrRetToBuf,
      | ^~~~~~~~~~~~~~~~~~~
C:/hmg.3.6/SOURCE/c_controlmisc.c: In function 'HB_FUN_INITACTIVEX':
C:/hmg.3.6/SOURCE/c_controlmisc.c:2331:27: warning: cast between incompatible function types from 'FARPROC' {aka 'long long int (*)()'} to 'HRESULT (*)(void)' {aka 'long int (*)(void)'} [-Wcast-function-type]
 2331 |         AtlAxWinInit    = ( LPAtlAxWinInit )    GetProcAddress( hlibrary, "AtlAxWinInit" );
      |                           ^
C:/hmg.3.6/SOURCE/c_controlmisc.c:2332:27: warning: cast between incompatible function types from 'FARPROC' {aka 'long long int (*)()'} to 'HRESULT (*)(struct HWND__ *, IUnknown **)' {aka 'long int (*)(struct HWND__ *, IUnknown **)'} [-Wcast-function-type]
 2332 |         AtlAxGetControl = ( LPAtlAxGetControl ) GetProcAddress( hlibrary, "AtlAxGetControl" );
      |                           ^
In file included from C:/hmg.3.6/SOURCE/c_controlmisc.c:64:
C:/hmg.3.6/SOURCE/c_controlmisc.c: In function 'win_AssocQueryString':
C:/hmg.3.6/INCLUDE/HMG_UNICODE.h:234:15: warning: cast between incompatible function types from 'FARPROC' {aka 'long long int (*)()'} to 'HRESULT (*)(ASSOCF,  ASSOCSTR,  const WCHAR *, const WCHAR *, WCHAR *, DWORD *)' {aka 'long int (*)(long unsigned int,  ASSOCSTR,  const short unsigned int *, const short unsigned int *, short unsigned int *, long unsigned int *)'} [-Wcast-function-type]
  234 |       pfunc = (PFUNC) GetProcAddress (hLib, _DLL_FUNC_NAMESTRINGAW);\
      |               ^
C:/hmg.3.6/SOURCE/c_controlmisc.c:3008:4: note: in expansion of macro 'HMG_DEFINE_DLL_FUNC'
 3008 |    HMG_DEFINE_DLL_FUNC ( win_AssocQueryString ,                               // user function name
      |    ^~~~~~~~~~~~~~~~~~~
C:/hmg.3.6/SOURCE/c_msgbox.c: In function 'MessageBoxTimeout':
C:/hmg.3.6/SOURCE/c_msgbox.c:135:31: warning: cast between incompatible function types from 'FARPROC' {aka 'long long int (*)()'} to 'BOOL (*)(struct HWND__ *, const WCHAR *, const WCHAR *, UINT,  WORD,  DWORD)' {aka 'int (*)(struct HWND__ *, const short unsigned int *, const short unsigned int *, unsigned int,  short unsigned int,  long unsigned int)'} [-Wcast-function-type]
  135 |          pMessageBoxTimeout = (PMessageBoxTimeout)GetProcAddress(hLib, "MessageBoxTimeoutW");
      |                               ^
C:/hmg.3.6/SOURCE/c_richeditbox.c: In function 'HB_FUN_RICHEDITBOX_GETPARAFORMAT':
C:/hmg.3.6/SOURCE/c_richeditbox.c:833:12: warning: this 'if' clause does not guard... [-Wmisleading-indentation]
  833 |       else if ( ParaFormat2.wAlignment == PFA_JUSTIFY )
      |            ^~
C:/hmg.3.6/SOURCE/c_richeditbox.c:836:11: note: ...this statement, but the latter is misleadingly indented as if it were guarded by the 'if'
  836 |           hb_stornl ((LONG) Alignment, 2);
      |           ^~~~~~~~~
C:/hmg.3.6/SOURCE/c_winapimisc.c: In function 'HB_FUN_ISWOW64PROCESS':
C:/hmg.3.6/SOURCE/c_winapimisc.c:979:26: warning: cast between incompatible function types from 'FARPROC' {aka 'long long int (*)()'} to 'BOOL (*)(void *, BOOL *)' {aka 'int (*)(void *, int *)'} [-Wcast-function-type]
  979 |        pIsWow64Process = (Func_IsWow64Process) GetProcAddress (GetModuleHandle (_TEXT("kernel32")), "IsWow64Process");
      |                          ^
C:/hmg.3.6/SOURCE/c_winapimisc.c: In function 'HB_FUN_ENUMPROCESSESID':
C:/hmg.3.6/SOURCE/c_winapimisc.c:1027:25: warning: cast between incompatible function types from 'FARPROC' {aka 'long long int (*)()'} to 'BOOL (*)(DWORD *, DWORD,  DWORD *)' {aka 'int (*)(long unsigned int *, long unsigned int,  long unsigned int *)'} [-Wcast-function-type]
 1027 |        pEnumProcesses = (Func_EnumProcesses) GetProcAddress(hLib, "EnumProcesses");
      |                         ^
C:/hmg.3.6/SOURCE/c_winapimisc.c: In function 'HB_FUN_GETPROCESSNAME':
C:/hmg.3.6/SOURCE/c_winapimisc.c:1080:30: warning: cast between incompatible function types from 'FARPROC' {aka 'long long int (*)()'} to 'BOOL (*)(void *, struct HINSTANCE__ **, DWORD,  DWORD *)' {aka 'int (*)(void *, struct HINSTANCE__ **, long unsigned int,  long unsigned int *)'} [-Wcast-function-type]
 1080 |        pEnumProcessModules = (Func_EnumProcessModules) GetProcAddress(hLib, "EnumProcessModules");
      |                              ^
C:/hmg.3.6/SOURCE/c_winapimisc.c:1093:32: warning: cast between incompatible function types from 'FARPROC' {aka 'long long int (*)()'} to 'DWORD (*)(void *, struct HINSTANCE__ *, WCHAR *, DWORD)' {aka 'long unsigned int (*)(void *, struct HINSTANCE__ *, short unsigned int *, long unsigned int)'} [-Wcast-function-type]
 1093 |           pGetModuleBaseName = (Func_GetModuleBaseName) GetProcAddress(hLib, "GetModuleBaseNameW");
      |                                ^
C:/hmg.3.6/SOURCE/c_winapimisc.c: In function 'HB_FUN_GETPROCESSFULLNAME':
C:/hmg.3.6/SOURCE/c_winapimisc.c:1129:30: warning: cast between incompatible function types from 'FARPROC' {aka 'long long int (*)()'} to 'BOOL (*)(void *, struct HINSTANCE__ **, DWORD,  DWORD *)' {aka 'int (*)(void *, struct HINSTANCE__ **, long unsigned int,  long unsigned int *)'} [-Wcast-function-type]
 1129 |        pEnumProcessModules = (Func_EnumProcessModules) GetProcAddress(hLib, "EnumProcessModules");
      |                              ^
C:/hmg.3.6/SOURCE/c_winapimisc.c:1142:34: warning: cast between incompatible function types from 'FARPROC' {aka 'long long int (*)()'} to 'DWORD (*)(void *, struct HINSTANCE__ *, WCHAR *, DWORD)' {aka 'long unsigned int (*)(void *, struct HINSTANCE__ *, short unsigned int *, long unsigned int)'} [-Wcast-function-type]
 1142 |           pGetModuleFileNameEx = (Func_GetModuleFileNameEx) GetProcAddress(hLib, "GetModuleFileNameExW");
      |                                  ^
C:/hmg.3.6/SOURCE/c_winapimisc.c: In function 'HB_FUN_GETPROCESSIMAGEFILENAME':
C:/hmg.3.6/SOURCE/c_winapimisc.c:1179:38: warning: cast between incompatible function types from 'FARPROC' {aka 'long long int (*)()'} to 'DWORD (*)(void *, WCHAR *, DWORD)' {aka 'long unsigned int (*)(void *, short unsigned int *, long unsigned int)'} [-Wcast-function-type]
 1179 |           pGetProcessImageFileName = (Func_GetProcessImageFileName) GetProcAddress(hLib, "GetProcessImageFileNameW");
      |                                      ^
C:/hmg.3.6/SOURCE/c_winapimisc.c: In function 'HB_FUN_GETPROCESSMEMORYINFO':
C:/hmg.3.6/SOURCE/c_winapimisc.c:1266:32: warning: cast between incompatible function types from 'FARPROC' {aka 'long long int (*)()'} to 'BOOL (*)(void *, PROCESS_MEMORY_COUNTERS *, DWORD)' {aka 'int (*)(void *, PROCESS_MEMORY_COUNTERS *, long unsigned int)'} [-Wcast-function-type]
 1266 |        pGetProcessMemoryInfo = (Func_GetProcessMemoryInfo) GetProcAddress(hLib, "K32GetProcessMemoryInfo");
      |                                ^
C:/hmg.3.6/SOURCE/c_winapimisc.c:1271:32: warning: cast between incompatible function types from 'FARPROC' {aka 'long long int (*)()'} to 'BOOL (*)(void *, PROCESS_MEMORY_COUNTERS *, DWORD)' {aka 'int (*)(void *, PROCESS_MEMORY_COUNTERS *, long unsigned int)'} [-Wcast-function-type]
 1271 |        pGetProcessMemoryInfo = (Func_GetProcessMemoryInfo) GetProcAddress(hLib, "GetProcessMemoryInfo");
      |                                ^
C:/hmg.3.6/SOURCE/c_winapimisc.c: In function 'HB_FUN_EMPTYWORKINGSET':
C:/hmg.3.6/SOURCE/c_winapimisc.c:1317:27: warning: cast between incompatible function types from 'FARPROC' {aka 'long long int (*)()'} to 'BOOL (*)(void *)' {aka 'int (*)(void *)'} [-Wcast-function-type]
 1317 |        pEmptyWorkingSet = (Func_EmptyWorkingSet) GetProcAddress(hLib, "K32EmptyWorkingSet");
      |                           ^
C:/hmg.3.6/SOURCE/c_winapimisc.c:1322:27: warning: cast between incompatible function types from 'FARPROC' {aka 'long long int (*)()'} to 'BOOL (*)(void *)' {aka 'int (*)(void *)'} [-Wcast-function-type]
 1322 |        pEmptyWorkingSet = (Func_EmptyWorkingSet) GetProcAddress(hLib, "K32EmptyWorkingSet");
      |                           ^
In file included from C:/hmg.3.6/SOURCE/c_winapimisc.c:65:
C:/hmg.3.6/SOURCE/c_winapimisc.c: In function 'win_MapAndLoad':
C:/hmg.3.6/INCLUDE/HMG_UNICODE.h:234:15: warning: cast between incompatible function types from 'FARPROC' {aka 'long long int (*)()'} to 'WINBOOL (*)(const CHAR *, const CHAR *, struct _LOADED_IMAGE *, WINBOOL,  WINBOOL)' {aka 'int (*)(const char *, const char *, struct _LOADED_IMAGE *, int,  int)'} [-Wcast-function-type]
  234 |       pfunc = (PFUNC) GetProcAddress (hLib, _DLL_FUNC_NAMESTRINGAW);\
      |               ^
C:/hmg.3.6/SOURCE/c_winapimisc.c:1445:1: note: in expansion of macro 'HMG_DEFINE_DLL_FUNC'
 1445 | HMG_DEFINE_DLL_FUNC ( win_MapAndLoad,   // user function name
      | ^~~~~~~~~~~~~~~~~~~
C:/hmg.3.6/SOURCE/c_winapimisc.c: In function 'win_UnMapAndLoad':
C:/hmg.3.6/INCLUDE/HMG_UNICODE.h:234:15: warning: cast between incompatible function types from 'FARPROC' {aka 'long long int (*)()'} to 'WINBOOL (*)(struct _LOADED_IMAGE *)' {aka 'int (*)(struct _LOADED_IMAGE *)'} [-Wcast-function-type]
  234 |       pfunc = (PFUNC) GetProcAddress (hLib, _DLL_FUNC_NAMESTRINGAW);\
      |               ^
C:/hmg.3.6/SOURCE/c_winapimisc.c:1455:1: note: in expansion of macro 'HMG_DEFINE_DLL_FUNC'
 1455 | HMG_DEFINE_DLL_FUNC ( win_UnMapAndLoad,   // user function name
      | ^~~~~~~~~~~~~~~~~~~
C:/hmg.3.6/SOURCE/c_winapimisc.c: In function 'win_ImageDirectoryEntryToData':
C:/hmg.3.6/INCLUDE/HMG_UNICODE.h:234:15: warning: cast between incompatible function types from 'FARPROC' {aka 'long long int (*)()'} to 'void * (*)(void *, BOOLEAN,  USHORT,  ULONG *)' {aka 'void * (*)(void *, unsigned char,  short unsigned int,  long unsigned int *)'} [-Wcast-function-type]
  234 |       pfunc = (PFUNC) GetProcAddress (hLib, _DLL_FUNC_NAMESTRINGAW);\
      |               ^
C:/hmg.3.6/SOURCE/c_winapimisc.c:1465:1: note: in expansion of macro 'HMG_DEFINE_DLL_FUNC'
 1465 | HMG_DEFINE_DLL_FUNC ( win_ImageDirectoryEntryToData,   // user function name
      | ^~~~~~~~~~~~~~~~~~~
C:/hmg.3.6/SOURCE/c_winapimisc.c: In function 'win_ImageRvaToVa':
C:/hmg.3.6/INCLUDE/HMG_UNICODE.h:234:15: warning: cast between incompatible function types from 'FARPROC' {aka 'long long int (*)()'} to 'void * (*)(struct _IMAGE_NT_HEADERS64 *, void *, ULONG,  struct _IMAGE_SECTION_HEADER **)' {aka 'void * (*)(struct _IMAGE_NT_HEADERS64 *, void *, long unsigned int,  struct _IMAGE_SECTION_HEADER **)'} [-Wcast-function-type]
  234 |       pfunc = (PFUNC) GetProcAddress (hLib, _DLL_FUNC_NAMESTRINGAW);\
      |               ^
C:/hmg.3.6/SOURCE/c_winapimisc.c:1475:1: note: in expansion of macro 'HMG_DEFINE_DLL_FUNC'
 1475 | HMG_DEFINE_DLL_FUNC ( win_ImageRvaToVa,   // user function name
      | ^~~~~~~~~~~~~~~~~~~
C:/hmg.3.6/SOURCE/c_winapimisc.c: In function 'win_SetWindowTheme':
C:/hmg.3.6/INCLUDE/HMG_UNICODE.h:234:15: warning: cast between incompatible function types from 'FARPROC' {aka 'long long int (*)()'} to 'HRESULT (*)(struct HWND__ *, const WCHAR *, const WCHAR *)' {aka 'long int (*)(struct HWND__ *, const short unsigned int *, const short unsigned int *)'} [-Wcast-function-type]
  234 |       pfunc = (PFUNC) GetProcAddress (hLib, _DLL_FUNC_NAMESTRINGAW);\
      |               ^
C:/hmg.3.6/SOURCE/c_winapimisc.c:1563:1: note: in expansion of macro 'HMG_DEFINE_DLL_FUNC'
 1563 | HMG_DEFINE_DLL_FUNC ( win_SetWindowTheme,                                   // user function name
      | ^~~~~~~~~~~~~~~~~~~
hbmk2: 'cd' back.
hbmk2: Creating static library... lib-64\libhmg-64.a
hbmk2: Lib command:
ar.exe rcs "lib-64/libhmg-64.a" C:/Users/Equipo/AppData/Local/Temp/hbmk_shy5zf.dir/dbgHB.o C:/Users/Equipo/AppData/Local/Temp/hbmk_shy5zf.dir/dbgGUI.o C:/Users/Equipo/AppData/Local/Temp/hbmk_shy5zf.dir/h_BosTaurus.o C:/Users/Equipo/AppData/Local/Temp/hbmk_shy5zf.dir/HMG_TString.o C:/Users/Equipo/AppData/Local/Temp/hbmk_shy5zf.dir/h_UNICODE.o C:/Users/Equipo/AppData/Local/Temp/hbmk_shy5zf.dir/h_UNICODE_STRING.o C:/Users/Equipo/AppData/Local/Temp/hbmk_shy5zf.dir/h_EventCB.o C:/Users/Equipo/AppData/Local/Temp/hbmk_shy5zf.dir/h_GridEx.o C:/Users/Equipo/AppData/Local/Temp/hbmk_shy5zf.dir/h_TimePicker.o C:/Users/Equipo/AppData/Local/Temp/hbmk_shy5zf.dir/h_HMG_HPDF.o C:/Users/Equipo/AppData/Local/Temp/hbmk_shy5zf.dir/h_HMG_HPDF_UNICODE.o C:/Users/Equipo/AppData/Local/Temp/hbmk_shy5zf.dir/h_HMG_Zebra.o C:/Users/Equipo/AppData/Local/Temp/hbmk_shy5zf.dir/h_GraphBitmap.o C:/Users/Equipo/AppData/Local/Temp/hbmk_shy5zf.dir/ErrorSys.o C:/Users/Equipo/AppData/Local/Temp/hbmk_shy5zf.dir/h_browse.o C:/Users/Equipo/AppData/Local/Temp/hbmk_shy5zf.dir/h_button.o C:/Users/Equipo/AppData/Local/Temp/hbmk_shy5zf.dir/h_checkbox.o C:/Users/Equipo/AppData/Local/Temp/hbmk_shy5zf.dir/h_combo.o C:/Users/Equipo/AppData/Local/Temp/hbmk_shy5zf.dir/h_controlmisc.o C:/Users/Equipo/AppData/Local/Temp/hbmk_shy5zf.dir/h_datepicker.o C:/Users/Equipo/AppData/Local/Temp/hbmk_shy5zf.dir/h_dialogs.o C:/Users/Equipo/AppData/Local/Temp/hbmk_shy5zf.dir/h_editbox.o C:/Users/Equipo/AppData/Local/Temp/hbmk_shy5zf.dir/h_error.o C:/Users/Equipo/AppData/Local/Temp/hbmk_shy5zf.dir/h_font.o C:/Users/Equipo/AppData/Local/Temp/hbmk_shy5zf.dir/h_frame.o C:/Users/Equipo/AppData/Local/Temp/hbmk_shy5zf.dir/h_grid.o C:/Users/Equipo/AppData/Local/Temp/hbmk_shy5zf.dir/h_help.o C:/Users/Equipo/AppData/Local/Temp/hbmk_shy5zf.dir/h_hotkey.o C:/Users/Equipo/AppData/Local/Temp/hbmk_shy5zf.dir/h_image.o C:/Users/Equipo/AppData/Local/Temp/hbmk_shy5zf.dir/h_init.o C:/Users/Equipo/AppData/Local/Temp/hbmk_shy5zf.dir/h_ipaddress.o C:/Users/Equipo/AppData/Local/Temp/hbmk_shy5zf.dir/h_label.o C:/Users/Equipo/AppData/Local/Temp/hbmk_shy5zf.dir/h_listbox.o C:/Users/Equipo/AppData/Local/Temp/hbmk_shy5zf.dir/h_media.o C:/Users/Equipo/AppData/Local/Temp/hbmk_shy5zf.dir/h_menu.o C:/Users/Equipo/AppData/Local/Temp/hbmk_shy5zf.dir/h_monthcal.o C:/Users/Equipo/AppData/Local/Temp/hbmk_shy5zf.dir/h_msgbox.o C:/Users/Equipo/AppData/Local/Temp/hbmk_shy5zf.dir/h_progressbar.o C:/Users/Equipo/AppData/Local/Temp/hbmk_shy5zf.dir/h_radio.o C:/Users/Equipo/AppData/Local/Temp/hbmk_shy5zf.dir/h_richeditbox.o C:/Users/Equipo/AppData/Local/Temp/hbmk_shy5zf.dir/h_rptgen.o C:/Users/Equipo/AppData/Local/Temp/hbmk_shy5zf.dir/h_slider.o C:/Users/Equipo/AppData/Local/Temp/hbmk_shy5zf.dir/h_spinner.o C:/Users/Equipo/AppData/Local/Temp/hbmk_shy5zf.dir/h_status.o C:/Users/Equipo/AppData/Local/Temp/hbmk_shy5zf.dir/h_tab.o C:/Users/Equipo/AppData/Local/Temp/hbmk_shy5zf.dir/h_textbox.o C:/Users/Equipo/AppData/Local/Temp/hbmk_shy5zf.dir/h_timer.o C:/Users/Equipo/AppData/Local/Temp/hbmk_shy5zf.dir/h_tole.o C:/Users/Equipo/AppData/Local/Temp/hbmk_shy5zf.dir/h_toolbar.o C:/Users/Equipo/AppData/Local/Temp/hbmk_shy5zf.dir/h_tree.o C:/Users/Equipo/AppData/Local/Temp/hbmk_shy5zf.dir/h_winapimisc.o C:/Users/Equipo/AppData/Local/Temp/hbmk_shy5zf.dir/h_windows.o C:/Users/Equipo/AppData/Local/Temp/hbmk_shy5zf.dir/c_BosTaurus.o C:/Users/Equipo/AppData/Local/Temp/hbmk_shy5zf.dir/c_InitCom.o C:/Users/Equipo/AppData/Local/Temp/hbmk_shy5zf.dir/c_UNICODE.o C:/Users/Equipo/AppData/Local/Temp/hbmk_shy5zf.dir/c_UNICODE_STRING.o C:/Users/Equipo/AppData/Local/Temp/hbmk_shy5zf.dir/c_EventCB.o C:/Users/Equipo/AppData/Local/Temp/hbmk_shy5zf.dir/c_GridEx.o C:/Users/Equipo/AppData/Local/Temp/hbmk_shy5zf.dir/c_TimePicker.o C:/Users/Equipo/AppData/Local/Temp/hbmk_shy5zf.dir/c_Thread.o C:/Users/Equipo/AppData/Local/Temp/hbmk_shy5zf.dir/c_browse.o C:/Users/Equipo/AppData/Local/Temp/hbmk_shy5zf.dir/c_button.o C:/Users/Equipo/AppData/Local/Temp/hbmk_shy5zf.dir/c_checkbox.o C:/Users/Equipo/AppData/Local/Temp/hbmk_shy5zf.dir/c_combo.o C:/Users/Equipo/AppData/Local/Temp/hbmk_shy5zf.dir/c_controlmisc.o C:/Users/Equipo/AppData/Local/Temp/hbmk_shy5zf.dir/c_datepicker.o C:/Users/Equipo/AppData/Local/Temp/hbmk_shy5zf.dir/c_dialogs.o C:/Users/Equipo/AppData/Local/Temp/hbmk_shy5zf.dir/c_editbox.o C:/Users/Equipo/AppData/Local/Temp/hbmk_shy5zf.dir/c_font.o C:/Users/Equipo/AppData/Local/Temp/hbmk_shy5zf.dir/c_frame.o C:/Users/Equipo/AppData/Local/Temp/hbmk_shy5zf.dir/c_grid.o C:/Users/Equipo/AppData/Local/Temp/hbmk_shy5zf.dir/c_help.o C:/Users/Equipo/AppData/Local/Temp/hbmk_shy5zf.dir/c_hotkey.o C:/Users/Equipo/AppData/Local/Temp/hbmk_shy5zf.dir/c_image.o C:/Users/Equipo/AppData/Local/Temp/hbmk_shy5zf.dir/c_ipaddress.o C:/Users/Equipo/AppData/Local/Temp/hbmk_shy5zf.dir/c_label.o C:/Users/Equipo/AppData/Local/Temp/hbmk_shy5zf.dir/c_listbox.o C:/Users/Equipo/AppData/Local/Temp/hbmk_shy5zf.dir/c_media.o C:/Users/Equipo/AppData/Local/Temp/hbmk_shy5zf.dir/c_menu.o C:/Users/Equipo/AppData/Local/Temp/hbmk_shy5zf.dir/c_monthcal.o C:/Users/Equipo/AppData/Local/Temp/hbmk_shy5zf.dir/c_msgbox.o C:/Users/Equipo/AppData/Local/Temp/hbmk_shy5zf.dir/c_progressbar.o C:/Users/Equipo/AppData/Local/Temp/hbmk_shy5zf.dir/c_radio.o C:/Users/Equipo/AppData/Local/Temp/hbmk_shy5zf.dir/c_resource.o C:/Users/Equipo/AppData/Local/Temp/hbmk_shy5zf.dir/c_richeditbox.o C:/Users/Equipo/AppData/Local/Temp/hbmk_shy5zf.dir/c_slider.o C:/Users/Equipo/AppData/Local/Temp/hbmk_shy5zf.dir/c_spinner.o C:/Users/Equipo/AppData/Local/Temp/hbmk_shy5zf.dir/c_status.o C:/Users/Equipo/AppData/Local/Temp/hbmk_shy5zf.dir/c_tab.o C:/Users/Equipo/AppData/Local/Temp/hbmk_shy5zf.dir/c_textbox.o C:/Users/Equipo/AppData/Local/Temp/hbmk_shy5zf.dir/c_timer.o C:/Users/Equipo/AppData/Local/Temp/hbmk_shy5zf.dir/c_tole.o C:/Users/Equipo/AppData/Local/Temp/hbmk_shy5zf.dir/c_toolbar.o C:/Users/Equipo/AppData/Local/Temp/hbmk_shy5zf.dir/c_tree.o C:/Users/Equipo/AppData/Local/Temp/hbmk_shy5zf.dir/c_winapimisc.o C:/Users/Equipo/AppData/Local/Temp/hbmk_shy5zf.dir/c_windows.o
